<?xml version="1.0" encoding="UTF-8"?>
<!-- Generated by org.testng.reporters.JUnitReportReporter -->
<testsuite skipped="0" hostname="Ujjwals-MacBook-Pro.local" name="testNgSession.PriorityTest" tests="5" failures="0" timestamp="21 Feb 2023 21:47:00 GMT" time="0.036" errors="0">
  <testcase name="etest" time="0.004" classname="testNgSession.PriorityTest"/>
  <testcase name="dtest" time="0.002" classname="testNgSession.PriorityTest"/>
  <testcase name="ctest" time="0.022" classname="testNgSession.PriorityTest"/>
  <testcase name="btest" time="0.002" classname="testNgSession.PriorityTest"/>
  <testcase name="atest" time="0.006" classname="testNgSession.PriorityTest"/>
</testsuite> <!-- testNgSession.PriorityTest -->
