<?xml version="1.0" encoding="UTF-8"?>
<!-- Generated by org.testng.reporters.JUnitReportReporter -->
<testsuite skipped="0" hostname="Ujjwals-MacBook-Pro.local" name="testNgSession.loginPage" tests="3" failures="0" timestamp="22 Feb 2023 20:09:06 GMT" time="2.506" errors="0">
  <testcase name="logintest" time="0.864" classname="testNgSession.loginPage"/>
  <testcase name="logintest" time="0.796" classname="testNgSession.loginPage"/>
  <testcase name="logintest" time="0.846" classname="testNgSession.loginPage"/>
</testsuite> <!-- testNgSession.loginPage -->
