<?xml version="1.0" encoding="UTF-8"?>
<!-- Generated by org.testng.reporters.JUnitReportReporter -->
<testsuite skipped="0" hostname="Ujjwals-MacBook-Pro.local" name="testNgSession.HomePageTest" tests="3" failures="0" timestamp="21 Feb 2023 15:43:49 GMT" time="0.032" errors="0">
  <testcase name="homePageSearchTest" time="0.012" classname="testNgSession.HomePageTest"/>
  <testcase name="homePageTitleTest" time="0.017" classname="testNgSession.HomePageTest"/>
  <testcase name="homePageUrlTest" time="0.003" classname="testNgSession.HomePageTest"/>
</testsuite> <!-- testNgSession.HomePageTest -->
