<?xml version="1.0" encoding="UTF-8"?>
<!-- Generated by org.testng.reporters.JUnitReportReporter -->
<testsuite skipped="0" hostname="Ujjwals-MacBook-Pro.local" name="testNgSession.AmazonPageTest" tests="3" failures="0" timestamp="21 Feb 2023 18:31:18 GMT" time="1.447" errors="0">
  <testcase name="titleTest" time="0.045" classname="testNgSession.AmazonPageTest"/>
  <testcase name="helpExistanceTest" time="0.896" classname="testNgSession.AmazonPageTest"/>
  <testcase name="SearchbarExistTest" time="0.506" classname="testNgSession.AmazonPageTest"/>
</testsuite> <!-- testNgSession.AmazonPageTest -->
